<?xml version="1.0" encoding="UTF-8"?>
<!-- Generated by org.testng.reporters.JUnitReportReporter -->
<testsuite skipped="0" hostname="LAPTOP-UO174ULO" name="com.assignmentone.testcase.TestMian" tests="1" failures="0" timestamp="27 Feb 2020 14:02:24 GMT" time="20.908" errors="0">
  <testcase name="addItemToCart" time="20.908" classname="com.assignmentone.testcase.TestMian"/>
</testsuite> <!-- com.assignmentone.testcase.TestMian -->
